Arguments: 
  C:\Program Files\nodejs\node.exe C:\Program Files (x86)\Yarn\bin\yarn.js react-devtools

PATH: 
  C:\Program Files (x86)\Common Files\Oracle\Java\javapath;C:\Program Files (x86)\Python\Python36-32\Scripts\;C:\Program Files (x86)\Python\Python36-32\;C:\ProgramData\Oracle\Java\javapath;C:\WINDOWS\system32;C:\WINDOWS;C:\WINDOWS\System32\Wbem;C:\WINDOWS\System32\WindowsPowerShell\v1.0\;C:\Program Files\dotnet\;C:\Program Files (x86)\Brackets\command;C:\Program Files\Git\cmd;C:\Program Files\PuTTY\;C:\Program Files\Microsoft VS Code\bin;C:\OpenSSL-Win64\bin;C:\Program Files\Git\bin;C:\WINDOWS\System32\OpenSSH\;C:\Program Files\nodejs\;C:\Program Files (x86)\Yarn\bin\;C:\Program Files\MongoDB\Server\3.6\bin;C:\Users\Techie_Dany\AppData\Local\Microsoft\WindowsApps;C:\Users\Techie_Dany\AppData\Local\atom\bin;C:\Program Files\Microsoft VS Code\bin;F:\Softwares\IDE\android-studio\gradle\gradle-4.6\bin;C:\Users\Techie_Dany\AppData\Local\GitHubDesktop\bin;C:\Program Files (x86)\Vim\vim81;C:\OpenSSL-Win64\bin;C:\Users\Techie_Dany\AppData\Local\Android\Sdk\platform-tools;C:\Program Files\Git\bin;C:\Users\Techie_Dany\AppData\Local\Microsoft\WindowsApps;C:\Users\Techie_Dany\AppData\Roaming\npm;C:\Users\Techie_Dany\AppData\Local\Yarn\bin;C:\Program Files\heroku\bin

Yarn version: 
  1.10.1

Node version: 
  10.11.0

Platform: 
  win32 x64

Trace: 
  SyntaxError: G:\React Native\word_the_react\package.json: Unexpected token } in JSON at position 588
      at JSON.parse (<anonymous>)
      at C:\Program Files (x86)\Yarn\lib\cli.js:1136:59
      at Generator.next (<anonymous>)
      at step (C:\Program Files (x86)\Yarn\lib\cli.js:98:30)
      at C:\Program Files (x86)\Yarn\lib\cli.js:109:13

npm manifest: 
  {
    "name": "my-new-project",
    "main": "node_modules/expo/AppEntry.js",
    "private": true,
    "scripts": {
      "start": "expo start",
      "android": "expo start --android",
      "ios": "expo start --ios",
      "eject": "expo eject",
      "test": "node ./node_modules/jest/bin/jest.js --watchAll"
    },
    "jest": {
      "preset": "jest-expo"
    },
    "dependencies": {
      "@expo/samples": "2.1.1",
      "axios": "^0.18.0",
      "expo": "^30.0.1",
      "react": "16.3.1",
      "react-native": "https://github.com/expo/react-native/archive/sdk-30.0.0.tar.gz",
      "react-navigation": "^2.16.0",
     
    },
    "devDependencies": {
      "jest-expo": "30.0.0",
      "react-devtools": "^3.4.0"
    }
  }

yarn manifest: 
  No manifest

Lockfile: 
  No lockfile
